<testng-results>
  <reporter-output>
  </reporter-output>
  <suite name="Custom suite">
    <groups>
    </groups>
    <test name="bsp2">
      <class name="test.data.AcoTest">
        <test-method status="PASS" signature="should_run_test_instance_6()" name="should_run_test_instance_6" duration-ms="6499" started-at="2010-01-20T20:26:43Z" finished-at="2010-01-20T20:26:50Z">
        </test-method>
        <test-method status="PASS" signature="before_method()" name="before_method" is-config="true" duration-ms="9" started-at="2010-01-20T20:26:43Z" finished-at="2010-01-20T20:26:43Z">
        </test-method>
      </class>
    </test>
  </suite>
</testng-results>
