<testng-results>
  <reporter-output>
  </reporter-output>
  <suite name="Custom suite">
    <groups>
    </groups>
    <test name="bsp2">
      <class name="test.data.AcoTest">
        <test-method status="PASS" signature="should_initiate_multiple_ants()" name="should_initiate_multiple_ants" duration-ms="58" started-at="2009-12-15T01:20:34Z" finished-at="2009-12-15T01:20:34Z">
        </test-method>
        <test-method status="PASS" signature="before_method()" name="before_method" is-config="true" duration-ms="27" started-at="2009-12-15T01:20:34Z" finished-at="2009-12-15T01:20:34Z">
        </test-method>
      </class>
    </test>
  </suite>
</testng-results>
